82
processed_loom_files/AML-97-001.allvariants.genotype_modified.txt
processed_loom_files/AML-97-002.allvariants.genotype_modified.txt
processed_loom_files/AML-97-003.allvariants.genotype_modified.txt
processed_loom_files/AML-97-004.allvariants.genotype_modified.txt
processed_loom_files/AML-97-005.allvariants.genotype_modified.txt
processed_loom_files/AML-97-006.allvariants.genotype_modified.txt
got here
chr5:170837513:CTT/C_1
chr5:170837514:T/C_1
chr5:170837515:T/C_1
chr5:170837544:T/C_1
chr13:28608106:A/G_1
chr13:28608112:T/C_1
chr13:28608115:T/C_1
chr13:28608126:T/C_1
chr13:28608139:A/G_1
chr13:28608139:A/T_1
chr13:28608153:T/A_1
chr13:28608153:T/C_1
chr13:28608105:A/G_1
chr13:28608105:A/T_1
chr13:28608108:C/T_1
chr13:28608110:C/T_1
chr13:28608111:C/T_1
chr13:28608113:G/A_1
chr13:28608116:C/T_1
chr13:28608118:T/C_1
chr13:28608121:T/A_1
chr13:28608121:T/C_1
chr13:28608124:C/T_1
chr13:28608124:CT/C_1
chr13:28608125:T/A_1
chr13:28608125:T/C_1
chr13:28608128:C/A_1
chr13:28608128:C/T_1
chr13:28608134:A/G_1
chr13:28608134:A/T_1
chr13:28608136:G/A_1
chr13:28608142:T/C_1
chr13:28608143:G/A_1
chr13:28608144:G/A_1
chr13:28608149:T/A_1
chr13:28608149:T/C_1
chr13:28608151:C/T_1
