50
processed_loom_files/AML-88-001.allvariants.genotype_modified.txt
processed_loom_files/AML-88-002.allvariants.genotype_modified.txt
processed_loom_files/AML-88-003.allvariants.genotype_modified.txt
got here
chr2:198267360:T/C_1
chr2:198267770:G/GAA_1
chr2:198267771:A/AAG_1
chr4:106194088:T/C_1
chr4:106196951:A/G_1
chr5:170837514:T/C_1
chr5:170837514:T/TC_1
chr5:170837515:T/C_1
chr5:170837544:T/C_1
chr13:28592546:T/C_1
chr13:28602226:AAG/A_1
chr13:28602226:AAGAG/A_1
chr13:28602227:AG/A_1
chr13:28602229:AG/A_1
chr13:28602230:GA/G_1
chr13:28602231:AG/A_1
chr13:28602231:AGAG/A_1
chr13:28602256:C/T_1
chr13:28608130:T/A_1
chr13:28608130:T/C_1
chr13:28608131:G/A_1
chr13:28608139:A/G_1
chr13:28608147:A/G_1
chr13:28608147:A/T_1
chr13:28608206:A/G_1
chr13:28608126:T/C_1
chr13:28608128:C/T_1
chr13:28608132:C/T_1
chr13:28608132:CA/C_1
chr13:28608138:C/T_1
chr13:28608138:CA/C_1
chr13:28608140:A/G_1
chr13:28608140:A/T_1
chr13:28608141:A/G_1
chr13:28608142:T/C_1
chr13:28608143:G/A_1
chr13:28608145:T/C_1
chr13:28608146:G/A_1
chr13:28608149:T/A_1
chr13:28608149:T/C_1
chr13:28608151:C/T_1
chr13:28608152:G/A_1
chr13:28608210:C/T_1
chr13:28608212:T/C_1
chr13:28608213:T/C_1
chr13:28608215:T/A_1
chr13:28608215:T/C_1
chr13:28608216:T/C_1
chr13:28608221:A/G_1
